# JRE version: Java(TM) SE Runtime Environment (17.0.9+11) (build 17.0.9+11-LTS-201)
# Java VM: Java HotSpot(TM) 64-Bit Server VM (17.0.9+11-LTS-201, mixed mode, sharing, tiered, compressed oops, compressed class ptrs, g1 gc, windows-amd64)
GC Precious Log:
 CPUs: 16 total, 16 available
 Memory: 16004M
 Large Page Support: Disabled
 NUMA Support: Disabled
 Compressed Oops: Enabled (Zero based)
 Heap Region Size: 2M
 Heap Min Capacity: 8M
 Heap Initial Capacity: 252M
 Heap Max Capacity: 3G
 Pre-touch: Disabled
 Parallel Workers: 13
 Concurrent Workers: 3
 Concurrent Refinement Workers: 13
 Periodic GC: Disabled
Heap:
 garbage-first heap   total 278528K, used 179291K [0x0000000740000000, 0x0000000800000000)
  region size 2048K, 24 young (49152K), 4 survivors (8192K)
 Metaspace       used 82737K, committed 83520K, reserved 1179648K
  class space    used 11390K, committed 11712K, reserved 1048576K
GC Heap History (20 events):
Event: 10.476 GC heap before
{Heap before GC invocations=28 (full 0):
 garbage-first heap   total 153600K, used 88160K [0x0000000740000000, 0x0000000800000000)
  region size 2048K, 4 young (8192K), 2 survivors (4096K)
 Metaspace       used 65195K, committed 65792K, reserved 1114112K
  class space    used 9127K, committed 9408K, reserved 1048576K
}
Event: 10.478 GC heap after
{Heap after GC invocations=29 (full 0):
 garbage-first heap   total 153600K, used 63762K [0x0000000740000000, 0x0000000800000000)
  region size 2048K, 2 young (4096K), 2 survivors (4096K)
 Metaspace       used 65195K, committed 65792K, reserved 1114112K
  class space    used 9127K, committed 9408K, reserved 1048576K
}
Event: 10.489 GC heap before
{Heap before GC invocations=29 (full 0):
 garbage-first heap   total 153600K, used 67858K [0x0000000740000000, 0x0000000800000000)
  region size 2048K, 4 young (8192K), 2 survivors (4096K)
 Metaspace       used 65198K, committed 65792K, reserved 1114112K
  class space    used 9127K, committed 9408K, reserved 1048576K
}
Event: 10.491 GC heap after
{Heap after GC invocations=30 (full 0):
 garbage-first heap   total 153600K, used 63857K [0x0000000740000000, 0x0000000800000000)
  region size 2048K, 2 young (4096K), 2 survivors (4096K)
 Metaspace       used 65198K, committed 65792K, reserved 1114112K
  class space    used 9127K, committed 9408K, reserved 1048576K
}
Event: 10.522 GC heap before
{Heap before GC invocations=30 (full 0):
 garbage-first heap   total 153600K, used 88433K [0x0000000740000000, 0x0000000800000000)
  region size 2048K, 4 young (8192K), 2 survivors (4096K)
 Metaspace       used 65205K, committed 65856K, reserved 1114112K
  class space    used 9128K, committed 9408K, reserved 1048576K
}
Event: 10.524 GC heap after
{Heap after GC invocations=31 (full 0):
 garbage-first heap   total 153600K, used 63857K [0x0000000740000000, 0x0000000800000000)
  region size 2048K, 2 young (4096K), 2 survivors (4096K)
 Metaspace       used 65205K, committed 65856K, reserved 1114112K
  class space    used 9128K, committed 9408K, reserved 1048576K
}
Event: 11.417 GC heap before
{Heap before GC invocations=31 (full 0):
 garbage-first heap   total 153600K, used 131441K [0x0000000740000000, 0x0000000800000000)
  region size 2048K, 33 young (67584K), 2 survivors (4096K)
 Metaspace       used 68891K, committed 69632K, reserved 1114112K
  class space    used 9825K, committed 10176K, reserved 1048576K
}
Event: 11.423 GC heap after
{Heap after GC invocations=32 (full 0):
 garbage-first heap   total 278528K, used 69929K [0x0000000740000000, 0x0000000800000000)
  region size 2048K, 5 young (10240K), 5 survivors (10240K)
 Metaspace       used 68891K, committed 69632K, reserved 1114112K
  class space    used 9825K, committed 10176K, reserved 1048576K
}
Event: 11.839 GC heap before
{Heap before GC invocations=32 (full 0):
 garbage-first heap   total 278528K, used 145705K [0x0000000740000000, 0x0000000800000000)
  region size 2048K, 13 young (26624K), 5 survivors (10240K)
 Metaspace       used 69319K, committed 70080K, reserved 1114112K
  class space    used 9881K, committed 10240K, reserved 1048576K
}
Event: 11.843 GC heap after
{Heap after GC invocations=33 (full 0):
 garbage-first heap   total 278528K, used 71382K [0x0000000740000000, 0x0000000800000000)
  region size 2048K, 6 young (12288K), 6 survivors (12288K)
 Metaspace       used 69319K, committed 70080K, reserved 1114112K
  class space    used 9881K, committed 10240K, reserved 1048576K
}
Event: 11.980 GC heap before
{Heap before GC invocations=33 (full 0):
 garbage-first heap   total 278528K, used 132822K [0x0000000740000000, 0x0000000800000000)
  region size 2048K, 11 young (22528K), 6 survivors (12288K)
 Metaspace       used 69587K, committed 70336K, reserved 1114112K
  class space    used 9881K, committed 10240K, reserved 1048576K
}
Event: 11.984 GC heap after
{Heap after GC invocations=34 (full 0):
 garbage-first heap   total 278528K, used 76829K [0x0000000740000000, 0x0000000800000000)
  region size 2048K, 6 young (12288K), 6 survivors (12288K)
 Metaspace       used 69587K, committed 70336K, reserved 1114112K
  class space    used 9881K, committed 10240K, reserved 1048576K
}
Event: 12.041 GC heap before
{Heap before GC invocations=34 (full 0):
 garbage-first heap   total 278528K, used 140317K [0x0000000740000000, 0x0000000800000000)
  region size 2048K, 9 young (18432K), 6 survivors (12288K)
 Metaspace       used 69639K, committed 70400K, reserved 1114112K
  class space    used 9881K, committed 10240K, reserved 1048576K
}
Event: 12.045 GC heap after
{Heap after GC invocations=35 (full 0):
 garbage-first heap   total 278528K, used 72053K [0x0000000740000000, 0x0000000800000000)
  region size 2048K, 6 young (12288K), 6 survivors (12288K)
 Metaspace       used 69639K, committed 70400K, reserved 1114112K
  class space    used 9881K, committed 10240K, reserved 1048576K
}
Event: 16.425 GC heap before
{Heap before GC invocations=35 (full 0):
 garbage-first heap   total 278528K, used 237941K [0x0000000740000000, 0x0000000800000000)
  region size 2048K, 81 young (165888K), 6 survivors (12288K)
 Metaspace       used 77624K, committed 78336K, reserved 1179648K
  class space    used 10888K, committed 11200K, reserved 1048576K
}
Event: 16.440 GC heap after
{Heap after GC invocations=36 (full 0):
 garbage-first heap   total 278528K, used 99215K [0x0000000740000000, 0x0000000800000000)
  region size 2048K, 11 young (22528K), 11 survivors (22528K)
 Metaspace       used 77624K, committed 78336K, reserved 1179648K
  class space    used 10888K, committed 11200K, reserved 1048576K
}
Event: 17.754 GC heap before
{Heap before GC invocations=36 (full 0):
 garbage-first heap   total 278528K, used 217999K [0x0000000740000000, 0x0000000800000000)
  region size 2048K, 68 young (139264K), 11 survivors (22528K)
 Metaspace       used 78815K, committed 79616K, reserved 1179648K
  class space    used 10986K, committed 11328K, reserved 1048576K
}
Event: 17.775 GC heap after
{Heap after GC invocations=37 (full 0):
 garbage-first heap   total 278528K, used 132678K [0x0000000740000000, 0x0000000800000000)
  region size 2048K, 9 young (18432K), 9 survivors (18432K)
 Metaspace       used 78815K, committed 79616K, reserved 1179648K
  class space    used 10986K, committed 11328K, reserved 1048576K
}
Event: 19.337 GC heap before
{Heap before GC invocations=37 (full 0):
 garbage-first heap   total 278528K, used 212550K [0x0000000740000000, 0x0000000800000000)
  region size 2048K, 48 young (98304K), 9 survivors (18432K)
 Metaspace       used 82323K, committed 83136K, reserved 1179648K
  class space    used 11362K, committed 11712K, reserved 1048576K
}
Event: 19.344 GC heap after
{Heap after GC invocations=38 (full 0):
 garbage-first heap   total 278528K, used 140379K [0x0000000740000000, 0x0000000800000000)
  region size 2048K, 4 young (8192K), 4 survivors (8192K)
 Metaspace       used 82323K, committed 83136K, reserved 1179648K
  class space    used 11362K, committed 11712K, reserved 1048576K
}

